2024-11-12 02:33:08 [info]: Intento fallido de inicio de sesión para usuario: jesus.alexem@gmail.com, contraseña incorrecta
2024-11-12 03:04:06 [error]: ForbiddenError: invalid csrf token
    at csrf (C:\Users\jesus\Downloads\Design Prophysio\Design Prophysio\Design Prophysio\backend\node_modules\csurf\index.js:112:19)
    at Layer.handle [as handle_request] (C:\Users\jesus\Downloads\Design Prophysio\Design Prophysio\Design Prophysio\backend\node_modules\express\lib\router\layer.js:95:5)
    at trim_prefix (C:\Users\jesus\Downloads\Design Prophysio\Design Prophysio\Design Prophysio\backend\node_modules\express\lib\router\index.js:328:13)
    at C:\Users\jesus\Downloads\Design Prophysio\Design Prophysio\Design Prophysio\backend\node_modules\express\lib\router\index.js:286:9
    at Function.process_params (C:\Users\jesus\Downloads\Design Prophysio\Design Prophysio\Design Prophysio\backend\node_modules\express\lib\router\index.js:346:12)
    at next (C:\Users\jesus\Downloads\Design Prophysio\Design Prophysio\Design Prophysio\backend\node_modules\express\lib\router\index.js:280:10)
    at cors (C:\Users\jesus\Downloads\Design Prophysio\Design Prophysio\Design Prophysio\backend\node_modules\cors\lib\index.js:188:7)
    at C:\Users\jesus\Downloads\Design Prophysio\Design Prophysio\Design Prophysio\backend\node_modules\cors\lib\index.js:224:17
    at originCallback (C:\Users\jesus\Downloads\Design Prophysio\Design Prophysio\Design Prophysio\backend\node_modules\cors\lib\index.js:214:15)
    at C:\Users\jesus\Downloads\Design Prophysio\Design Prophysio\Design Prophysio\backend\node_modules\cors\lib\index.js:219:13
2024-11-12 03:35:08 [error]: ForbiddenError: invalid csrf token
    at csrf (C:\Users\jesus\Downloads\Design Prophysio\Design Prophysio\Design Prophysio\backend\node_modules\csurf\index.js:112:19)
    at Layer.handle [as handle_request] (C:\Users\jesus\Downloads\Design Prophysio\Design Prophysio\Design Prophysio\backend\node_modules\express\lib\router\layer.js:95:5)
    at trim_prefix (C:\Users\jesus\Downloads\Design Prophysio\Design Prophysio\Design Prophysio\backend\node_modules\express\lib\router\index.js:328:13)
    at C:\Users\jesus\Downloads\Design Prophysio\Design Prophysio\Design Prophysio\backend\node_modules\express\lib\router\index.js:286:9
    at Function.process_params (C:\Users\jesus\Downloads\Design Prophysio\Design Prophysio\Design Prophysio\backend\node_modules\express\lib\router\index.js:346:12)
    at next (C:\Users\jesus\Downloads\Design Prophysio\Design Prophysio\Design Prophysio\backend\node_modules\express\lib\router\index.js:280:10)
    at cors (C:\Users\jesus\Downloads\Design Prophysio\Design Prophysio\Design Prophysio\backend\node_modules\cors\lib\index.js:188:7)
    at C:\Users\jesus\Downloads\Design Prophysio\Design Prophysio\Design Prophysio\backend\node_modules\cors\lib\index.js:224:17
    at originCallback (C:\Users\jesus\Downloads\Design Prophysio\Design Prophysio\Design Prophysio\backend\node_modules\cors\lib\index.js:214:15)
    at C:\Users\jesus\Downloads\Design Prophysio\Design Prophysio\Design Prophysio\backend\node_modules\cors\lib\index.js:219:13
2024-11-12 03:36:13 [error]: ForbiddenError: invalid csrf token
    at csrf (C:\Users\jesus\Downloads\Design Prophysio\Design Prophysio\Design Prophysio\backend\node_modules\csurf\index.js:112:19)
    at Layer.handle [as handle_request] (C:\Users\jesus\Downloads\Design Prophysio\Design Prophysio\Design Prophysio\backend\node_modules\express\lib\router\layer.js:95:5)
    at trim_prefix (C:\Users\jesus\Downloads\Design Prophysio\Design Prophysio\Design Prophysio\backend\node_modules\express\lib\router\index.js:328:13)
    at C:\Users\jesus\Downloads\Design Prophysio\Design Prophysio\Design Prophysio\backend\node_modules\express\lib\router\index.js:286:9
    at Function.process_params (C:\Users\jesus\Downloads\Design Prophysio\Design Prophysio\Design Prophysio\backend\node_modules\express\lib\router\index.js:346:12)
    at next (C:\Users\jesus\Downloads\Design Prophysio\Design Prophysio\Design Prophysio\backend\node_modules\express\lib\router\index.js:280:10)
    at cors (C:\Users\jesus\Downloads\Design Prophysio\Design Prophysio\Design Prophysio\backend\node_modules\cors\lib\index.js:188:7)
    at C:\Users\jesus\Downloads\Design Prophysio\Design Prophysio\Design Prophysio\backend\node_modules\cors\lib\index.js:224:17
    at originCallback (C:\Users\jesus\Downloads\Design Prophysio\Design Prophysio\Design Prophysio\backend\node_modules\cors\lib\index.js:214:15)
    at C:\Users\jesus\Downloads\Design Prophysio\Design Prophysio\Design Prophysio\backend\node_modules\cors\lib\index.js:219:13
2024-11-12 03:36:21 [error]: ForbiddenError: invalid csrf token
    at csrf (C:\Users\jesus\Downloads\Design Prophysio\Design Prophysio\Design Prophysio\backend\node_modules\csurf\index.js:112:19)
    at Layer.handle [as handle_request] (C:\Users\jesus\Downloads\Design Prophysio\Design Prophysio\Design Prophysio\backend\node_modules\express\lib\router\layer.js:95:5)
    at trim_prefix (C:\Users\jesus\Downloads\Design Prophysio\Design Prophysio\Design Prophysio\backend\node_modules\express\lib\router\index.js:328:13)
    at C:\Users\jesus\Downloads\Design Prophysio\Design Prophysio\Design Prophysio\backend\node_modules\express\lib\router\index.js:286:9
    at Function.process_params (C:\Users\jesus\Downloads\Design Prophysio\Design Prophysio\Design Prophysio\backend\node_modules\express\lib\router\index.js:346:12)
    at next (C:\Users\jesus\Downloads\Design Prophysio\Design Prophysio\Design Prophysio\backend\node_modules\express\lib\router\index.js:280:10)
    at cors (C:\Users\jesus\Downloads\Design Prophysio\Design Prophysio\Design Prophysio\backend\node_modules\cors\lib\index.js:188:7)
    at C:\Users\jesus\Downloads\Design Prophysio\Design Prophysio\Design Prophysio\backend\node_modules\cors\lib\index.js:224:17
    at originCallback (C:\Users\jesus\Downloads\Design Prophysio\Design Prophysio\Design Prophysio\backend\node_modules\cors\lib\index.js:214:15)
    at C:\Users\jesus\Downloads\Design Prophysio\Design Prophysio\Design Prophysio\backend\node_modules\cors\lib\index.js:219:13
2024-11-12 03:37:40 [error]: ForbiddenError: invalid csrf token
    at csrf (C:\Users\jesus\Downloads\Design Prophysio\Design Prophysio\Design Prophysio\backend\node_modules\csurf\index.js:112:19)
    at Layer.handle [as handle_request] (C:\Users\jesus\Downloads\Design Prophysio\Design Prophysio\Design Prophysio\backend\node_modules\express\lib\router\layer.js:95:5)
    at trim_prefix (C:\Users\jesus\Downloads\Design Prophysio\Design Prophysio\Design Prophysio\backend\node_modules\express\lib\router\index.js:328:13)
    at C:\Users\jesus\Downloads\Design Prophysio\Design Prophysio\Design Prophysio\backend\node_modules\express\lib\router\index.js:286:9
    at Function.process_params (C:\Users\jesus\Downloads\Design Prophysio\Design Prophysio\Design Prophysio\backend\node_modules\express\lib\router\index.js:346:12)
    at next (C:\Users\jesus\Downloads\Design Prophysio\Design Prophysio\Design Prophysio\backend\node_modules\express\lib\router\index.js:280:10)
    at cors (C:\Users\jesus\Downloads\Design Prophysio\Design Prophysio\Design Prophysio\backend\node_modules\cors\lib\index.js:188:7)
    at C:\Users\jesus\Downloads\Design Prophysio\Design Prophysio\Design Prophysio\backend\node_modules\cors\lib\index.js:224:17
    at originCallback (C:\Users\jesus\Downloads\Design Prophysio\Design Prophysio\Design Prophysio\backend\node_modules\cors\lib\index.js:214:15)
    at C:\Users\jesus\Downloads\Design Prophysio\Design Prophysio\Design Prophysio\backend\node_modules\cors\lib\index.js:219:13
2024-11-12 03:38:17 [error]: ForbiddenError: invalid csrf token
    at csrf (C:\Users\jesus\Downloads\Design Prophysio\Design Prophysio\Design Prophysio\backend\node_modules\csurf\index.js:112:19)
    at Layer.handle [as handle_request] (C:\Users\jesus\Downloads\Design Prophysio\Design Prophysio\Design Prophysio\backend\node_modules\express\lib\router\layer.js:95:5)
    at trim_prefix (C:\Users\jesus\Downloads\Design Prophysio\Design Prophysio\Design Prophysio\backend\node_modules\express\lib\router\index.js:328:13)
    at C:\Users\jesus\Downloads\Design Prophysio\Design Prophysio\Design Prophysio\backend\node_modules\express\lib\router\index.js:286:9
    at Function.process_params (C:\Users\jesus\Downloads\Design Prophysio\Design Prophysio\Design Prophysio\backend\node_modules\express\lib\router\index.js:346:12)
    at next (C:\Users\jesus\Downloads\Design Prophysio\Design Prophysio\Design Prophysio\backend\node_modules\express\lib\router\index.js:280:10)
    at cors (C:\Users\jesus\Downloads\Design Prophysio\Design Prophysio\Design Prophysio\backend\node_modules\cors\lib\index.js:188:7)
    at C:\Users\jesus\Downloads\Design Prophysio\Design Prophysio\Design Prophysio\backend\node_modules\cors\lib\index.js:224:17
    at originCallback (C:\Users\jesus\Downloads\Design Prophysio\Design Prophysio\Design Prophysio\backend\node_modules\cors\lib\index.js:214:15)
    at C:\Users\jesus\Downloads\Design Prophysio\Design Prophysio\Design Prophysio\backend\node_modules\cors\lib\index.js:219:13
2024-11-12 03:41:16 [error]: ForbiddenError: invalid csrf token
    at csrf (C:\Users\jesus\Downloads\Design Prophysio\Design Prophysio\Design Prophysio\backend\node_modules\csurf\index.js:112:19)
    at Layer.handle [as handle_request] (C:\Users\jesus\Downloads\Design Prophysio\Design Prophysio\Design Prophysio\backend\node_modules\express\lib\router\layer.js:95:5)
    at trim_prefix (C:\Users\jesus\Downloads\Design Prophysio\Design Prophysio\Design Prophysio\backend\node_modules\express\lib\router\index.js:328:13)
    at C:\Users\jesus\Downloads\Design Prophysio\Design Prophysio\Design Prophysio\backend\node_modules\express\lib\router\index.js:286:9
    at Function.process_params (C:\Users\jesus\Downloads\Design Prophysio\Design Prophysio\Design Prophysio\backend\node_modules\express\lib\router\index.js:346:12)
    at next (C:\Users\jesus\Downloads\Design Prophysio\Design Prophysio\Design Prophysio\backend\node_modules\express\lib\router\index.js:280:10)
    at cors (C:\Users\jesus\Downloads\Design Prophysio\Design Prophysio\Design Prophysio\backend\node_modules\cors\lib\index.js:188:7)
    at C:\Users\jesus\Downloads\Design Prophysio\Design Prophysio\Design Prophysio\backend\node_modules\cors\lib\index.js:224:17
    at originCallback (C:\Users\jesus\Downloads\Design Prophysio\Design Prophysio\Design Prophysio\backend\node_modules\cors\lib\index.js:214:15)
    at C:\Users\jesus\Downloads\Design Prophysio\Design Prophysio\Design Prophysio\backend\node_modules\cors\lib\index.js:219:13
2024-11-12 03:41:36 [error]: ForbiddenError: invalid csrf token
    at csrf (C:\Users\jesus\Downloads\Design Prophysio\Design Prophysio\Design Prophysio\backend\node_modules\csurf\index.js:112:19)
    at Layer.handle [as handle_request] (C:\Users\jesus\Downloads\Design Prophysio\Design Prophysio\Design Prophysio\backend\node_modules\express\lib\router\layer.js:95:5)
    at trim_prefix (C:\Users\jesus\Downloads\Design Prophysio\Design Prophysio\Design Prophysio\backend\node_modules\express\lib\router\index.js:328:13)
    at C:\Users\jesus\Downloads\Design Prophysio\Design Prophysio\Design Prophysio\backend\node_modules\express\lib\router\index.js:286:9
    at Function.process_params (C:\Users\jesus\Downloads\Design Prophysio\Design Prophysio\Design Prophysio\backend\node_modules\express\lib\router\index.js:346:12)
    at next (C:\Users\jesus\Downloads\Design Prophysio\Design Prophysio\Design Prophysio\backend\node_modules\express\lib\router\index.js:280:10)
    at cors (C:\Users\jesus\Downloads\Design Prophysio\Design Prophysio\Design Prophysio\backend\node_modules\cors\lib\index.js:188:7)
    at C:\Users\jesus\Downloads\Design Prophysio\Design Prophysio\Design Prophysio\backend\node_modules\cors\lib\index.js:224:17
    at originCallback (C:\Users\jesus\Downloads\Design Prophysio\Design Prophysio\Design Prophysio\backend\node_modules\cors\lib\index.js:214:15)
    at C:\Users\jesus\Downloads\Design Prophysio\Design Prophysio\Design Prophysio\backend\node_modules\cors\lib\index.js:219:13
2024-11-12 04:46:59 [error]: ForbiddenError: invalid csrf token
    at csrf (C:\Users\jesus\Downloads\Design Prophysio\Design Prophysio\Design Prophysio\backend\node_modules\csurf\index.js:112:19)
    at Layer.handle [as handle_request] (C:\Users\jesus\Downloads\Design Prophysio\Design Prophysio\Design Prophysio\backend\node_modules\express\lib\router\layer.js:95:5)
    at trim_prefix (C:\Users\jesus\Downloads\Design Prophysio\Design Prophysio\Design Prophysio\backend\node_modules\express\lib\router\index.js:328:13)
    at C:\Users\jesus\Downloads\Design Prophysio\Design Prophysio\Design Prophysio\backend\node_modules\express\lib\router\index.js:286:9
    at Function.process_params (C:\Users\jesus\Downloads\Design Prophysio\Design Prophysio\Design Prophysio\backend\node_modules\express\lib\router\index.js:346:12)
    at next (C:\Users\jesus\Downloads\Design Prophysio\Design Prophysio\Design Prophysio\backend\node_modules\express\lib\router\index.js:280:10)
    at cors (C:\Users\jesus\Downloads\Design Prophysio\Design Prophysio\Design Prophysio\backend\node_modules\cors\lib\index.js:188:7)
    at C:\Users\jesus\Downloads\Design Prophysio\Design Prophysio\Design Prophysio\backend\node_modules\cors\lib\index.js:224:17
    at originCallback (C:\Users\jesus\Downloads\Design Prophysio\Design Prophysio\Design Prophysio\backend\node_modules\cors\lib\index.js:214:15)
    at C:\Users\jesus\Downloads\Design Prophysio\Design Prophysio\Design Prophysio\backend\node_modules\cors\lib\index.js:219:13
2024-11-12 04:46:59 [error]: ForbiddenError: invalid csrf token
    at csrf (C:\Users\jesus\Downloads\Design Prophysio\Design Prophysio\Design Prophysio\backend\node_modules\csurf\index.js:112:19)
    at Layer.handle [as handle_request] (C:\Users\jesus\Downloads\Design Prophysio\Design Prophysio\Design Prophysio\backend\node_modules\express\lib\router\layer.js:95:5)
    at trim_prefix (C:\Users\jesus\Downloads\Design Prophysio\Design Prophysio\Design Prophysio\backend\node_modules\express\lib\router\index.js:328:13)
    at C:\Users\jesus\Downloads\Design Prophysio\Design Prophysio\Design Prophysio\backend\node_modules\express\lib\router\index.js:286:9
    at Function.process_params (C:\Users\jesus\Downloads\Design Prophysio\Design Prophysio\Design Prophysio\backend\node_modules\express\lib\router\index.js:346:12)
    at next (C:\Users\jesus\Downloads\Design Prophysio\Design Prophysio\Design Prophysio\backend\node_modules\express\lib\router\index.js:280:10)
    at cors (C:\Users\jesus\Downloads\Design Prophysio\Design Prophysio\Design Prophysio\backend\node_modules\cors\lib\index.js:188:7)
    at C:\Users\jesus\Downloads\Design Prophysio\Design Prophysio\Design Prophysio\backend\node_modules\cors\lib\index.js:224:17
    at originCallback (C:\Users\jesus\Downloads\Design Prophysio\Design Prophysio\Design Prophysio\backend\node_modules\cors\lib\index.js:214:15)
    at C:\Users\jesus\Downloads\Design Prophysio\Design Prophysio\Design Prophysio\backend\node_modules\cors\lib\index.js:219:13
2024-11-12 04:50:49 [error]: ForbiddenError: invalid csrf token
    at csrf (C:\Users\jesus\Downloads\Design Prophysio\Design Prophysio\Design Prophysio\backend\node_modules\csurf\index.js:112:19)
    at Layer.handle [as handle_request] (C:\Users\jesus\Downloads\Design Prophysio\Design Prophysio\Design Prophysio\backend\node_modules\express\lib\router\layer.js:95:5)
    at trim_prefix (C:\Users\jesus\Downloads\Design Prophysio\Design Prophysio\Design Prophysio\backend\node_modules\express\lib\router\index.js:328:13)
    at C:\Users\jesus\Downloads\Design Prophysio\Design Prophysio\Design Prophysio\backend\node_modules\express\lib\router\index.js:286:9
    at Function.process_params (C:\Users\jesus\Downloads\Design Prophysio\Design Prophysio\Design Prophysio\backend\node_modules\express\lib\router\index.js:346:12)
    at next (C:\Users\jesus\Downloads\Design Prophysio\Design Prophysio\Design Prophysio\backend\node_modules\express\lib\router\index.js:280:10)
    at cors (C:\Users\jesus\Downloads\Design Prophysio\Design Prophysio\Design Prophysio\backend\node_modules\cors\lib\index.js:188:7)
    at C:\Users\jesus\Downloads\Design Prophysio\Design Prophysio\Design Prophysio\backend\node_modules\cors\lib\index.js:224:17
    at originCallback (C:\Users\jesus\Downloads\Design Prophysio\Design Prophysio\Design Prophysio\backend\node_modules\cors\lib\index.js:214:15)
    at C:\Users\jesus\Downloads\Design Prophysio\Design Prophysio\Design Prophysio\backend\node_modules\cors\lib\index.js:219:13
2024-11-12 04:51:20 [error]: ForbiddenError: invalid csrf token
    at csrf (C:\Users\jesus\Downloads\Design Prophysio\Design Prophysio\Design Prophysio\backend\node_modules\csurf\index.js:112:19)
    at Layer.handle [as handle_request] (C:\Users\jesus\Downloads\Design Prophysio\Design Prophysio\Design Prophysio\backend\node_modules\express\lib\router\layer.js:95:5)
    at trim_prefix (C:\Users\jesus\Downloads\Design Prophysio\Design Prophysio\Design Prophysio\backend\node_modules\express\lib\router\index.js:328:13)
    at C:\Users\jesus\Downloads\Design Prophysio\Design Prophysio\Design Prophysio\backend\node_modules\express\lib\router\index.js:286:9
    at Function.process_params (C:\Users\jesus\Downloads\Design Prophysio\Design Prophysio\Design Prophysio\backend\node_modules\express\lib\router\index.js:346:12)
    at next (C:\Users\jesus\Downloads\Design Prophysio\Design Prophysio\Design Prophysio\backend\node_modules\express\lib\router\index.js:280:10)
    at cors (C:\Users\jesus\Downloads\Design Prophysio\Design Prophysio\Design Prophysio\backend\node_modules\cors\lib\index.js:188:7)
    at C:\Users\jesus\Downloads\Design Prophysio\Design Prophysio\Design Prophysio\backend\node_modules\cors\lib\index.js:224:17
    at originCallback (C:\Users\jesus\Downloads\Design Prophysio\Design Prophysio\Design Prophysio\backend\node_modules\cors\lib\index.js:214:15)
    at C:\Users\jesus\Downloads\Design Prophysio\Design Prophysio\Design Prophysio\backend\node_modules\cors\lib\index.js:219:13
2024-11-12 04:51:31 [error]: ForbiddenError: invalid csrf token
    at csrf (C:\Users\jesus\Downloads\Design Prophysio\Design Prophysio\Design Prophysio\backend\node_modules\csurf\index.js:112:19)
    at Layer.handle [as handle_request] (C:\Users\jesus\Downloads\Design Prophysio\Design Prophysio\Design Prophysio\backend\node_modules\express\lib\router\layer.js:95:5)
    at trim_prefix (C:\Users\jesus\Downloads\Design Prophysio\Design Prophysio\Design Prophysio\backend\node_modules\express\lib\router\index.js:328:13)
    at C:\Users\jesus\Downloads\Design Prophysio\Design Prophysio\Design Prophysio\backend\node_modules\express\lib\router\index.js:286:9
    at Function.process_params (C:\Users\jesus\Downloads\Design Prophysio\Design Prophysio\Design Prophysio\backend\node_modules\express\lib\router\index.js:346:12)
    at next (C:\Users\jesus\Downloads\Design Prophysio\Design Prophysio\Design Prophysio\backend\node_modules\express\lib\router\index.js:280:10)
    at cors (C:\Users\jesus\Downloads\Design Prophysio\Design Prophysio\Design Prophysio\backend\node_modules\cors\lib\index.js:188:7)
    at C:\Users\jesus\Downloads\Design Prophysio\Design Prophysio\Design Prophysio\backend\node_modules\cors\lib\index.js:224:17
    at originCallback (C:\Users\jesus\Downloads\Design Prophysio\Design Prophysio\Design Prophysio\backend\node_modules\cors\lib\index.js:214:15)
    at C:\Users\jesus\Downloads\Design Prophysio\Design Prophysio\Design Prophysio\backend\node_modules\cors\lib\index.js:219:13
2024-11-12 04:53:17 [error]: ForbiddenError: invalid csrf token
    at csrf (C:\Users\jesus\Downloads\Design Prophysio\Design Prophysio\Design Prophysio\backend\node_modules\csurf\index.js:112:19)
    at Layer.handle [as handle_request] (C:\Users\jesus\Downloads\Design Prophysio\Design Prophysio\Design Prophysio\backend\node_modules\express\lib\router\layer.js:95:5)
    at trim_prefix (C:\Users\jesus\Downloads\Design Prophysio\Design Prophysio\Design Prophysio\backend\node_modules\express\lib\router\index.js:328:13)
    at C:\Users\jesus\Downloads\Design Prophysio\Design Prophysio\Design Prophysio\backend\node_modules\express\lib\router\index.js:286:9
    at Function.process_params (C:\Users\jesus\Downloads\Design Prophysio\Design Prophysio\Design Prophysio\backend\node_modules\express\lib\router\index.js:346:12)
    at next (C:\Users\jesus\Downloads\Design Prophysio\Design Prophysio\Design Prophysio\backend\node_modules\express\lib\router\index.js:280:10)
    at cors (C:\Users\jesus\Downloads\Design Prophysio\Design Prophysio\Design Prophysio\backend\node_modules\cors\lib\index.js:188:7)
    at C:\Users\jesus\Downloads\Design Prophysio\Design Prophysio\Design Prophysio\backend\node_modules\cors\lib\index.js:224:17
    at originCallback (C:\Users\jesus\Downloads\Design Prophysio\Design Prophysio\Design Prophysio\backend\node_modules\cors\lib\index.js:214:15)
    at C:\Users\jesus\Downloads\Design Prophysio\Design Prophysio\Design Prophysio\backend\node_modules\cors\lib\index.js:219:13
2024-11-12 04:53:25 [error]: ForbiddenError: invalid csrf token
    at csrf (C:\Users\jesus\Downloads\Design Prophysio\Design Prophysio\Design Prophysio\backend\node_modules\csurf\index.js:112:19)
    at Layer.handle [as handle_request] (C:\Users\jesus\Downloads\Design Prophysio\Design Prophysio\Design Prophysio\backend\node_modules\express\lib\router\layer.js:95:5)
    at trim_prefix (C:\Users\jesus\Downloads\Design Prophysio\Design Prophysio\Design Prophysio\backend\node_modules\express\lib\router\index.js:328:13)
    at C:\Users\jesus\Downloads\Design Prophysio\Design Prophysio\Design Prophysio\backend\node_modules\express\lib\router\index.js:286:9
    at Function.process_params (C:\Users\jesus\Downloads\Design Prophysio\Design Prophysio\Design Prophysio\backend\node_modules\express\lib\router\index.js:346:12)
    at next (C:\Users\jesus\Downloads\Design Prophysio\Design Prophysio\Design Prophysio\backend\node_modules\express\lib\router\index.js:280:10)
    at cors (C:\Users\jesus\Downloads\Design Prophysio\Design Prophysio\Design Prophysio\backend\node_modules\cors\lib\index.js:188:7)
    at C:\Users\jesus\Downloads\Design Prophysio\Design Prophysio\Design Prophysio\backend\node_modules\cors\lib\index.js:224:17
    at originCallback (C:\Users\jesus\Downloads\Design Prophysio\Design Prophysio\Design Prophysio\backend\node_modules\cors\lib\index.js:214:15)
    at C:\Users\jesus\Downloads\Design Prophysio\Design Prophysio\Design Prophysio\backend\node_modules\cors\lib\index.js:219:13
2024-11-12 04:53:25 [error]: ForbiddenError: invalid csrf token
    at csrf (C:\Users\jesus\Downloads\Design Prophysio\Design Prophysio\Design Prophysio\backend\node_modules\csurf\index.js:112:19)
    at Layer.handle [as handle_request] (C:\Users\jesus\Downloads\Design Prophysio\Design Prophysio\Design Prophysio\backend\node_modules\express\lib\router\layer.js:95:5)
    at trim_prefix (C:\Users\jesus\Downloads\Design Prophysio\Design Prophysio\Design Prophysio\backend\node_modules\express\lib\router\index.js:328:13)
    at C:\Users\jesus\Downloads\Design Prophysio\Design Prophysio\Design Prophysio\backend\node_modules\express\lib\router\index.js:286:9
    at Function.process_params (C:\Users\jesus\Downloads\Design Prophysio\Design Prophysio\Design Prophysio\backend\node_modules\express\lib\router\index.js:346:12)
    at next (C:\Users\jesus\Downloads\Design Prophysio\Design Prophysio\Design Prophysio\backend\node_modules\express\lib\router\index.js:280:10)
    at cors (C:\Users\jesus\Downloads\Design Prophysio\Design Prophysio\Design Prophysio\backend\node_modules\cors\lib\index.js:188:7)
    at C:\Users\jesus\Downloads\Design Prophysio\Design Prophysio\Design Prophysio\backend\node_modules\cors\lib\index.js:224:17
    at originCallback (C:\Users\jesus\Downloads\Design Prophysio\Design Prophysio\Design Prophysio\backend\node_modules\cors\lib\index.js:214:15)
    at C:\Users\jesus\Downloads\Design Prophysio\Design Prophysio\Design Prophysio\backend\node_modules\cors\lib\index.js:219:13
2024-11-12 04:53:49 [error]: ForbiddenError: invalid csrf token
    at csrf (C:\Users\jesus\Downloads\Design Prophysio\Design Prophysio\Design Prophysio\backend\node_modules\csurf\index.js:112:19)
    at Layer.handle [as handle_request] (C:\Users\jesus\Downloads\Design Prophysio\Design Prophysio\Design Prophysio\backend\node_modules\express\lib\router\layer.js:95:5)
    at trim_prefix (C:\Users\jesus\Downloads\Design Prophysio\Design Prophysio\Design Prophysio\backend\node_modules\express\lib\router\index.js:328:13)
    at C:\Users\jesus\Downloads\Design Prophysio\Design Prophysio\Design Prophysio\backend\node_modules\express\lib\router\index.js:286:9
    at Function.process_params (C:\Users\jesus\Downloads\Design Prophysio\Design Prophysio\Design Prophysio\backend\node_modules\express\lib\router\index.js:346:12)
    at next (C:\Users\jesus\Downloads\Design Prophysio\Design Prophysio\Design Prophysio\backend\node_modules\express\lib\router\index.js:280:10)
    at cors (C:\Users\jesus\Downloads\Design Prophysio\Design Prophysio\Design Prophysio\backend\node_modules\cors\lib\index.js:188:7)
    at C:\Users\jesus\Downloads\Design Prophysio\Design Prophysio\Design Prophysio\backend\node_modules\cors\lib\index.js:224:17
    at originCallback (C:\Users\jesus\Downloads\Design Prophysio\Design Prophysio\Design Prophysio\backend\node_modules\cors\lib\index.js:214:15)
    at C:\Users\jesus\Downloads\Design Prophysio\Design Prophysio\Design Prophysio\backend\node_modules\cors\lib\index.js:219:13
2024-11-12 04:55:29 [error]: ForbiddenError: invalid csrf token
    at csrf (C:\Users\jesus\Downloads\Design Prophysio\Design Prophysio\Design Prophysio\backend\node_modules\csurf\index.js:112:19)
    at Layer.handle [as handle_request] (C:\Users\jesus\Downloads\Design Prophysio\Design Prophysio\Design Prophysio\backend\node_modules\express\lib\router\layer.js:95:5)
    at trim_prefix (C:\Users\jesus\Downloads\Design Prophysio\Design Prophysio\Design Prophysio\backend\node_modules\express\lib\router\index.js:328:13)
    at C:\Users\jesus\Downloads\Design Prophysio\Design Prophysio\Design Prophysio\backend\node_modules\express\lib\router\index.js:286:9
    at Function.process_params (C:\Users\jesus\Downloads\Design Prophysio\Design Prophysio\Design Prophysio\backend\node_modules\express\lib\router\index.js:346:12)
    at next (C:\Users\jesus\Downloads\Design Prophysio\Design Prophysio\Design Prophysio\backend\node_modules\express\lib\router\index.js:280:10)
    at cors (C:\Users\jesus\Downloads\Design Prophysio\Design Prophysio\Design Prophysio\backend\node_modules\cors\lib\index.js:188:7)
    at C:\Users\jesus\Downloads\Design Prophysio\Design Prophysio\Design Prophysio\backend\node_modules\cors\lib\index.js:224:17
    at originCallback (C:\Users\jesus\Downloads\Design Prophysio\Design Prophysio\Design Prophysio\backend\node_modules\cors\lib\index.js:214:15)
    at C:\Users\jesus\Downloads\Design Prophysio\Design Prophysio\Design Prophysio\backend\node_modules\cors\lib\index.js:219:13
2024-11-12 04:55:53 [error]: ForbiddenError: invalid csrf token
    at csrf (C:\Users\jesus\Downloads\Design Prophysio\Design Prophysio\Design Prophysio\backend\node_modules\csurf\index.js:112:19)
    at Layer.handle [as handle_request] (C:\Users\jesus\Downloads\Design Prophysio\Design Prophysio\Design Prophysio\backend\node_modules\express\lib\router\layer.js:95:5)
    at trim_prefix (C:\Users\jesus\Downloads\Design Prophysio\Design Prophysio\Design Prophysio\backend\node_modules\express\lib\router\index.js:328:13)
    at C:\Users\jesus\Downloads\Design Prophysio\Design Prophysio\Design Prophysio\backend\node_modules\express\lib\router\index.js:286:9
    at Function.process_params (C:\Users\jesus\Downloads\Design Prophysio\Design Prophysio\Design Prophysio\backend\node_modules\express\lib\router\index.js:346:12)
    at next (C:\Users\jesus\Downloads\Design Prophysio\Design Prophysio\Design Prophysio\backend\node_modules\express\lib\router\index.js:280:10)
    at cors (C:\Users\jesus\Downloads\Design Prophysio\Design Prophysio\Design Prophysio\backend\node_modules\cors\lib\index.js:188:7)
    at C:\Users\jesus\Downloads\Design Prophysio\Design Prophysio\Design Prophysio\backend\node_modules\cors\lib\index.js:224:17
    at originCallback (C:\Users\jesus\Downloads\Design Prophysio\Design Prophysio\Design Prophysio\backend\node_modules\cors\lib\index.js:214:15)
    at C:\Users\jesus\Downloads\Design Prophysio\Design Prophysio\Design Prophysio\backend\node_modules\cors\lib\index.js:219:13
2024-11-12 05:15:26 [info]: Cierre de sesión para usuario: usuario desconocido
2024-11-12 22:06:51 [error]: ForbiddenError: invalid csrf token
    at csrf (C:\Users\jesus\Downloads\Design Prophysio\Design Prophysio\Design Prophysio\backend\node_modules\csurf\index.js:112:19)
    at Layer.handle [as handle_request] (C:\Users\jesus\Downloads\Design Prophysio\Design Prophysio\Design Prophysio\backend\node_modules\express\lib\router\layer.js:95:5)
    at trim_prefix (C:\Users\jesus\Downloads\Design Prophysio\Design Prophysio\Design Prophysio\backend\node_modules\express\lib\router\index.js:328:13)
    at C:\Users\jesus\Downloads\Design Prophysio\Design Prophysio\Design Prophysio\backend\node_modules\express\lib\router\index.js:286:9
    at Function.process_params (C:\Users\jesus\Downloads\Design Prophysio\Design Prophysio\Design Prophysio\backend\node_modules\express\lib\router\index.js:346:12)
    at next (C:\Users\jesus\Downloads\Design Prophysio\Design Prophysio\Design Prophysio\backend\node_modules\express\lib\router\index.js:280:10)
    at cors (C:\Users\jesus\Downloads\Design Prophysio\Design Prophysio\Design Prophysio\backend\node_modules\cors\lib\index.js:188:7)
    at C:\Users\jesus\Downloads\Design Prophysio\Design Prophysio\Design Prophysio\backend\node_modules\cors\lib\index.js:224:17
    at originCallback (C:\Users\jesus\Downloads\Design Prophysio\Design Prophysio\Design Prophysio\backend\node_modules\cors\lib\index.js:214:15)
    at C:\Users\jesus\Downloads\Design Prophysio\Design Prophysio\Design Prophysio\backend\node_modules\cors\lib\index.js:219:13
2024-11-12 22:08:36 [error]: ForbiddenError: invalid csrf token
    at csrf (C:\Users\jesus\Downloads\Design Prophysio\Design Prophysio\Design Prophysio\backend\node_modules\csurf\index.js:112:19)
    at Layer.handle [as handle_request] (C:\Users\jesus\Downloads\Design Prophysio\Design Prophysio\Design Prophysio\backend\node_modules\express\lib\router\layer.js:95:5)
    at trim_prefix (C:\Users\jesus\Downloads\Design Prophysio\Design Prophysio\Design Prophysio\backend\node_modules\express\lib\router\index.js:328:13)
    at C:\Users\jesus\Downloads\Design Prophysio\Design Prophysio\Design Prophysio\backend\node_modules\express\lib\router\index.js:286:9
    at Function.process_params (C:\Users\jesus\Downloads\Design Prophysio\Design Prophysio\Design Prophysio\backend\node_modules\express\lib\router\index.js:346:12)
    at next (C:\Users\jesus\Downloads\Design Prophysio\Design Prophysio\Design Prophysio\backend\node_modules\express\lib\router\index.js:280:10)
    at cors (C:\Users\jesus\Downloads\Design Prophysio\Design Prophysio\Design Prophysio\backend\node_modules\cors\lib\index.js:188:7)
    at C:\Users\jesus\Downloads\Design Prophysio\Design Prophysio\Design Prophysio\backend\node_modules\cors\lib\index.js:224:17
    at originCallback (C:\Users\jesus\Downloads\Design Prophysio\Design Prophysio\Design Prophysio\backend\node_modules\cors\lib\index.js:214:15)
    at C:\Users\jesus\Downloads\Design Prophysio\Design Prophysio\Design Prophysio\backend\node_modules\cors\lib\index.js:219:13
2024-11-12 22:11:46 [error]: ForbiddenError: invalid csrf token
    at csrf (C:\Users\jesus\Downloads\Design Prophysio\Design Prophysio\Design Prophysio\backend\node_modules\csurf\index.js:112:19)
    at Layer.handle [as handle_request] (C:\Users\jesus\Downloads\Design Prophysio\Design Prophysio\Design Prophysio\backend\node_modules\express\lib\router\layer.js:95:5)
    at trim_prefix (C:\Users\jesus\Downloads\Design Prophysio\Design Prophysio\Design Prophysio\backend\node_modules\express\lib\router\index.js:328:13)
    at C:\Users\jesus\Downloads\Design Prophysio\Design Prophysio\Design Prophysio\backend\node_modules\express\lib\router\index.js:286:9
    at Function.process_params (C:\Users\jesus\Downloads\Design Prophysio\Design Prophysio\Design Prophysio\backend\node_modules\express\lib\router\index.js:346:12)
    at next (C:\Users\jesus\Downloads\Design Prophysio\Design Prophysio\Design Prophysio\backend\node_modules\express\lib\router\index.js:280:10)
    at cors (C:\Users\jesus\Downloads\Design Prophysio\Design Prophysio\Design Prophysio\backend\node_modules\cors\lib\index.js:188:7)
    at C:\Users\jesus\Downloads\Design Prophysio\Design Prophysio\Design Prophysio\backend\node_modules\cors\lib\index.js:224:17
    at originCallback (C:\Users\jesus\Downloads\Design Prophysio\Design Prophysio\Design Prophysio\backend\node_modules\cors\lib\index.js:214:15)
    at C:\Users\jesus\Downloads\Design Prophysio\Design Prophysio\Design Prophysio\backend\node_modules\cors\lib\index.js:219:13
2024-11-12 22:12:54 [info]: Intento fallido de inicio de sesión para usuario: 20221017@uthh.edu.mx, contraseña incorrecta
2024-11-12 22:12:55 [info]: Intento fallido de inicio de sesión para usuario: 20221017@uthh.edu.mx, contraseña incorrecta
2024-11-12 22:12:56 [info]: Intento fallido de inicio de sesión para usuario: 20221017@uthh.edu.mx, contraseña incorrecta
2024-11-12 22:12:57 [info]: Intento fallido de inicio de sesión para usuario: 20221017@uthh.edu.mx, contraseña incorrecta
2024-11-12 22:12:58 [info]: Intento fallido de inicio de sesión para usuario: 20221017@uthh.edu.mx, contraseña incorrecta
2024-11-12 22:13:00 [info]: Intento fallido de inicio de sesión para usuario: 20221017@uthh.edu.mx, contraseña incorrecta
2024-11-12 22:13:01 [info]: Intento fallido de inicio de sesión para usuario: 20221017@uthh.edu.mx, contraseña incorrecta
2024-11-12 22:13:02 [info]: Intento fallido de inicio de sesión para usuario: 20221017@uthh.edu.mx, contraseña incorrecta
2024-11-12 22:13:03 [info]: Intento fallido de inicio de sesión para usuario: 20221017@uthh.edu.mx, contraseña incorrecta
2024-11-12 22:13:10 [info]: Intento fallido de inicio de sesión para usuario: 20221017@uthh.edu.mx, contraseña incorrecta
2024-11-12 22:14:37 [info]: Intento fallido de inicio de sesión para usuario: 20221017@uthh.edu.mx, contraseña incorrecta
2024-11-12 22:15:43 [info]: Intento fallido de inicio de sesión para usuario: 20221017@uthh.edu.mx, contraseña incorrecta
2024-11-12 22:16:13 [info]: Intento fallido de inicio de sesión para usuario: 20221017@uthh.edu.mx, contraseña incorrecta
2024-11-12 22:17:49 [info]: Intento fallido de inicio de sesión para usuario: 20221017@uthh.edu.mx, cuenta bloqueada
2024-11-12 22:19:57 [info]: Intento fallido de inicio de sesión para usuario: 20221017@uthh.edu.mx, cuenta bloqueada
2024-11-12 22:20:09 [info]: Intento fallido de inicio de sesión para usuario: 20221017@uthh.edu.mx, cuenta bloqueada
2024-11-12 22:20:31 [info]: Intento fallido de inicio de sesión para usuario: jesus.alexem@gmail.com, cuenta bloqueada
2024-11-12 22:20:35 [info]: Intento fallido de inicio de sesión para usuario: jesus.alexem@gmail.com, cuenta bloqueada
2024-11-12 22:20:55 [info]: Intento fallido de inicio de sesión para usuario: jesus.alexem@gmail.com, contraseña incorrecta
2024-11-12 22:23:21 [info]: Intento fallido de inicio de sesión para usuario: jesus.alexem@gmail.com, contraseña incorrecta
2024-11-12 22:23:30 [info]: Intento fallido de inicio de sesión para usuario: 20221017@uthh.edu.mx, contraseña incorrecta
2024-11-12 22:23:32 [info]: Intento fallido de inicio de sesión para usuario: 20221017@uthh.edu.mx, contraseña incorrecta
2024-11-12 22:23:32 [info]: Intento fallido de inicio de sesión para usuario: 20221017@uthh.edu.mx, contraseña incorrecta
2024-11-12 22:44:48 [error]: ForbiddenError: invalid csrf token
    at csrf (C:\Users\jesus\Downloads\Design Prophysio\Design Prophysio\Design Prophysio\backend\node_modules\csurf\index.js:112:19)
    at Layer.handle [as handle_request] (C:\Users\jesus\Downloads\Design Prophysio\Design Prophysio\Design Prophysio\backend\node_modules\express\lib\router\layer.js:95:5)
    at trim_prefix (C:\Users\jesus\Downloads\Design Prophysio\Design Prophysio\Design Prophysio\backend\node_modules\express\lib\router\index.js:328:13)
    at C:\Users\jesus\Downloads\Design Prophysio\Design Prophysio\Design Prophysio\backend\node_modules\express\lib\router\index.js:286:9
    at Function.process_params (C:\Users\jesus\Downloads\Design Prophysio\Design Prophysio\Design Prophysio\backend\node_modules\express\lib\router\index.js:346:12)
    at next (C:\Users\jesus\Downloads\Design Prophysio\Design Prophysio\Design Prophysio\backend\node_modules\express\lib\router\index.js:280:10)
    at cors (C:\Users\jesus\Downloads\Design Prophysio\Design Prophysio\Design Prophysio\backend\node_modules\cors\lib\index.js:188:7)
    at C:\Users\jesus\Downloads\Design Prophysio\Design Prophysio\Design Prophysio\backend\node_modules\cors\lib\index.js:224:17
    at originCallback (C:\Users\jesus\Downloads\Design Prophysio\Design Prophysio\Design Prophysio\backend\node_modules\cors\lib\index.js:214:15)
    at C:\Users\jesus\Downloads\Design Prophysio\Design Prophysio\Design Prophysio\backend\node_modules\cors\lib\index.js:219:13
2024-11-12 22:44:57 [error]: ForbiddenError: invalid csrf token
    at csrf (C:\Users\jesus\Downloads\Design Prophysio\Design Prophysio\Design Prophysio\backend\node_modules\csurf\index.js:112:19)
    at Layer.handle [as handle_request] (C:\Users\jesus\Downloads\Design Prophysio\Design Prophysio\Design Prophysio\backend\node_modules\express\lib\router\layer.js:95:5)
    at trim_prefix (C:\Users\jesus\Downloads\Design Prophysio\Design Prophysio\Design Prophysio\backend\node_modules\express\lib\router\index.js:328:13)
    at C:\Users\jesus\Downloads\Design Prophysio\Design Prophysio\Design Prophysio\backend\node_modules\express\lib\router\index.js:286:9
    at Function.process_params (C:\Users\jesus\Downloads\Design Prophysio\Design Prophysio\Design Prophysio\backend\node_modules\express\lib\router\index.js:346:12)
    at next (C:\Users\jesus\Downloads\Design Prophysio\Design Prophysio\Design Prophysio\backend\node_modules\express\lib\router\index.js:280:10)
    at cors (C:\Users\jesus\Downloads\Design Prophysio\Design Prophysio\Design Prophysio\backend\node_modules\cors\lib\index.js:188:7)
    at C:\Users\jesus\Downloads\Design Prophysio\Design Prophysio\Design Prophysio\backend\node_modules\cors\lib\index.js:224:17
    at originCallback (C:\Users\jesus\Downloads\Design Prophysio\Design Prophysio\Design Prophysio\backend\node_modules\cors\lib\index.js:214:15)
    at C:\Users\jesus\Downloads\Design Prophysio\Design Prophysio\Design Prophysio\backend\node_modules\cors\lib\index.js:219:13
2024-11-12 22:44:59 [error]: ForbiddenError: invalid csrf token
    at csrf (C:\Users\jesus\Downloads\Design Prophysio\Design Prophysio\Design Prophysio\backend\node_modules\csurf\index.js:112:19)
    at Layer.handle [as handle_request] (C:\Users\jesus\Downloads\Design Prophysio\Design Prophysio\Design Prophysio\backend\node_modules\express\lib\router\layer.js:95:5)
    at trim_prefix (C:\Users\jesus\Downloads\Design Prophysio\Design Prophysio\Design Prophysio\backend\node_modules\express\lib\router\index.js:328:13)
    at C:\Users\jesus\Downloads\Design Prophysio\Design Prophysio\Design Prophysio\backend\node_modules\express\lib\router\index.js:286:9
    at Function.process_params (C:\Users\jesus\Downloads\Design Prophysio\Design Prophysio\Design Prophysio\backend\node_modules\express\lib\router\index.js:346:12)
    at next (C:\Users\jesus\Downloads\Design Prophysio\Design Prophysio\Design Prophysio\backend\node_modules\express\lib\router\index.js:280:10)
    at cors (C:\Users\jesus\Downloads\Design Prophysio\Design Prophysio\Design Prophysio\backend\node_modules\cors\lib\index.js:188:7)
    at C:\Users\jesus\Downloads\Design Prophysio\Design Prophysio\Design Prophysio\backend\node_modules\cors\lib\index.js:224:17
    at originCallback (C:\Users\jesus\Downloads\Design Prophysio\Design Prophysio\Design Prophysio\backend\node_modules\cors\lib\index.js:214:15)
    at C:\Users\jesus\Downloads\Design Prophysio\Design Prophysio\Design Prophysio\backend\node_modules\cors\lib\index.js:219:13
2024-11-12 22:47:30 [info]: Intento fallido de inicio de sesión para usuario: 20221017@uthh.edu.mx, contraseña incorrecta
2024-11-12 22:47:31 [info]: Intento fallido de inicio de sesión para usuario: 20221017@uthh.edu.mx, contraseña incorrecta
2024-11-12 22:47:32 [info]: Intento fallido de inicio de sesión para usuario: 20221017@uthh.edu.mx, contraseña incorrecta
2024-11-12 22:47:33 [info]: Intento fallido de inicio de sesión para usuario: 20221017@uthh.edu.mx, contraseña incorrecta
2024-11-12 22:47:34 [info]: Intento fallido de inicio de sesión para usuario: 20221017@uthh.edu.mx, cuenta bloqueada
2024-11-12 22:47:34 [info]: Intento fallido de inicio de sesión para usuario: 20221017@uthh.edu.mx, cuenta bloqueada
2024-11-12 22:48:23 [error]: ForbiddenError: invalid csrf token
    at csrf (C:\Users\jesus\Downloads\Design Prophysio\Design Prophysio\Design Prophysio\backend\node_modules\csurf\index.js:112:19)
    at Layer.handle [as handle_request] (C:\Users\jesus\Downloads\Design Prophysio\Design Prophysio\Design Prophysio\backend\node_modules\express\lib\router\layer.js:95:5)
    at trim_prefix (C:\Users\jesus\Downloads\Design Prophysio\Design Prophysio\Design Prophysio\backend\node_modules\express\lib\router\index.js:328:13)
    at C:\Users\jesus\Downloads\Design Prophysio\Design Prophysio\Design Prophysio\backend\node_modules\express\lib\router\index.js:286:9
    at Function.process_params (C:\Users\jesus\Downloads\Design Prophysio\Design Prophysio\Design Prophysio\backend\node_modules\express\lib\router\index.js:346:12)
    at next (C:\Users\jesus\Downloads\Design Prophysio\Design Prophysio\Design Prophysio\backend\node_modules\express\lib\router\index.js:280:10)
    at cors (C:\Users\jesus\Downloads\Design Prophysio\Design Prophysio\Design Prophysio\backend\node_modules\cors\lib\index.js:188:7)
    at C:\Users\jesus\Downloads\Design Prophysio\Design Prophysio\Design Prophysio\backend\node_modules\cors\lib\index.js:224:17
    at originCallback (C:\Users\jesus\Downloads\Design Prophysio\Design Prophysio\Design Prophysio\backend\node_modules\cors\lib\index.js:214:15)
    at C:\Users\jesus\Downloads\Design Prophysio\Design Prophysio\Design Prophysio\backend\node_modules\cors\lib\index.js:219:13
2024-11-12 22:48:36 [error]: ForbiddenError: invalid csrf token
    at csrf (C:\Users\jesus\Downloads\Design Prophysio\Design Prophysio\Design Prophysio\backend\node_modules\csurf\index.js:112:19)
    at Layer.handle [as handle_request] (C:\Users\jesus\Downloads\Design Prophysio\Design Prophysio\Design Prophysio\backend\node_modules\express\lib\router\layer.js:95:5)
    at trim_prefix (C:\Users\jesus\Downloads\Design Prophysio\Design Prophysio\Design Prophysio\backend\node_modules\express\lib\router\index.js:328:13)
    at C:\Users\jesus\Downloads\Design Prophysio\Design Prophysio\Design Prophysio\backend\node_modules\express\lib\router\index.js:286:9
    at Function.process_params (C:\Users\jesus\Downloads\Design Prophysio\Design Prophysio\Design Prophysio\backend\node_modules\express\lib\router\index.js:346:12)
    at next (C:\Users\jesus\Downloads\Design Prophysio\Design Prophysio\Design Prophysio\backend\node_modules\express\lib\router\index.js:280:10)
    at cors (C:\Users\jesus\Downloads\Design Prophysio\Design Prophysio\Design Prophysio\backend\node_modules\cors\lib\index.js:188:7)
    at C:\Users\jesus\Downloads\Design Prophysio\Design Prophysio\Design Prophysio\backend\node_modules\cors\lib\index.js:224:17
    at originCallback (C:\Users\jesus\Downloads\Design Prophysio\Design Prophysio\Design Prophysio\backend\node_modules\cors\lib\index.js:214:15)
    at C:\Users\jesus\Downloads\Design Prophysio\Design Prophysio\Design Prophysio\backend\node_modules\cors\lib\index.js:219:13
2024-11-12 23:31:17 [error]: TypeError: req.csrfToken is not a function
    at C:\Users\jesus\Downloads\Design Prophysio\Design Prophysio\Design Prophysio\backend\server.js:61:31
    at Layer.handle [as handle_request] (C:\Users\jesus\Downloads\Design Prophysio\Design Prophysio\Design Prophysio\backend\node_modules\express\lib\router\layer.js:95:5)
    at next (C:\Users\jesus\Downloads\Design Prophysio\Design Prophysio\Design Prophysio\backend\node_modules\express\lib\router\route.js:149:13)
    at Route.dispatch (C:\Users\jesus\Downloads\Design Prophysio\Design Prophysio\Design Prophysio\backend\node_modules\express\lib\router\route.js:119:3)
    at Layer.handle [as handle_request] (C:\Users\jesus\Downloads\Design Prophysio\Design Prophysio\Design Prophysio\backend\node_modules\express\lib\router\layer.js:95:5)
    at C:\Users\jesus\Downloads\Design Prophysio\Design Prophysio\Design Prophysio\backend\node_modules\express\lib\router\index.js:284:15
    at Function.process_params (C:\Users\jesus\Downloads\Design Prophysio\Design Prophysio\Design Prophysio\backend\node_modules\express\lib\router\index.js:346:12)
    at next (C:\Users\jesus\Downloads\Design Prophysio\Design Prophysio\Design Prophysio\backend\node_modules\express\lib\router\index.js:280:10)
    at cors (C:\Users\jesus\Downloads\Design Prophysio\Design Prophysio\Design Prophysio\backend\node_modules\cors\lib\index.js:188:7)
    at C:\Users\jesus\Downloads\Design Prophysio\Design Prophysio\Design Prophysio\backend\node_modules\cors\lib\index.js:224:17
2024-11-12 23:31:58 [error]: TypeError: req.csrfToken is not a function
    at C:\Users\jesus\Downloads\Design Prophysio\Design Prophysio\Design Prophysio\backend\server.js:61:31
    at Layer.handle [as handle_request] (C:\Users\jesus\Downloads\Design Prophysio\Design Prophysio\Design Prophysio\backend\node_modules\express\lib\router\layer.js:95:5)
    at next (C:\Users\jesus\Downloads\Design Prophysio\Design Prophysio\Design Prophysio\backend\node_modules\express\lib\router\route.js:149:13)
    at Route.dispatch (C:\Users\jesus\Downloads\Design Prophysio\Design Prophysio\Design Prophysio\backend\node_modules\express\lib\router\route.js:119:3)
    at Layer.handle [as handle_request] (C:\Users\jesus\Downloads\Design Prophysio\Design Prophysio\Design Prophysio\backend\node_modules\express\lib\router\layer.js:95:5)
    at C:\Users\jesus\Downloads\Design Prophysio\Design Prophysio\Design Prophysio\backend\node_modules\express\lib\router\index.js:284:15
    at Function.process_params (C:\Users\jesus\Downloads\Design Prophysio\Design Prophysio\Design Prophysio\backend\node_modules\express\lib\router\index.js:346:12)
    at next (C:\Users\jesus\Downloads\Design Prophysio\Design Prophysio\Design Prophysio\backend\node_modules\express\lib\router\index.js:280:10)
    at cors (C:\Users\jesus\Downloads\Design Prophysio\Design Prophysio\Design Prophysio\backend\node_modules\cors\lib\index.js:188:7)
    at C:\Users\jesus\Downloads\Design Prophysio\Design Prophysio\Design Prophysio\backend\node_modules\cors\lib\index.js:224:17
2024-11-12 23:53:38 [error]: ForbiddenError: invalid csrf token
    at csrf (C:\Users\jesus\Downloads\Design Prophysio\Design Prophysio\Design Prophysio\backend\node_modules\csurf\index.js:112:19)
    at Layer.handle [as handle_request] (C:\Users\jesus\Downloads\Design Prophysio\Design Prophysio\Design Prophysio\backend\node_modules\express\lib\router\layer.js:95:5)
    at trim_prefix (C:\Users\jesus\Downloads\Design Prophysio\Design Prophysio\Design Prophysio\backend\node_modules\express\lib\router\index.js:328:13)
    at C:\Users\jesus\Downloads\Design Prophysio\Design Prophysio\Design Prophysio\backend\node_modules\express\lib\router\index.js:286:9
    at Function.process_params (C:\Users\jesus\Downloads\Design Prophysio\Design Prophysio\Design Prophysio\backend\node_modules\express\lib\router\index.js:346:12)
    at next (C:\Users\jesus\Downloads\Design Prophysio\Design Prophysio\Design Prophysio\backend\node_modules\express\lib\router\index.js:280:10)
    at cors (C:\Users\jesus\Downloads\Design Prophysio\Design Prophysio\Design Prophysio\backend\node_modules\cors\lib\index.js:188:7)
    at C:\Users\jesus\Downloads\Design Prophysio\Design Prophysio\Design Prophysio\backend\node_modules\cors\lib\index.js:224:17
    at originCallback (C:\Users\jesus\Downloads\Design Prophysio\Design Prophysio\Design Prophysio\backend\node_modules\cors\lib\index.js:214:15)
    at C:\Users\jesus\Downloads\Design Prophysio\Design Prophysio\Design Prophysio\backend\node_modules\cors\lib\index.js:219:13
2024-11-13 00:06:17 [error]: ReferenceError: Cannot access 'token' before initialization
    at exports.verifyToken (C:\Users\jesus\Downloads\Design Prophysio\Design Prophysio\Design Prophysio\backend\middlewares\authMiddleware.js:4:36)
    at Layer.handle [as handle_request] (C:\Users\jesus\Downloads\Design Prophysio\Design Prophysio\Design Prophysio\backend\node_modules\express\lib\router\layer.js:95:5)
    at next (C:\Users\jesus\Downloads\Design Prophysio\Design Prophysio\Design Prophysio\backend\node_modules\express\lib\router\route.js:149:13)
    at Route.dispatch (C:\Users\jesus\Downloads\Design Prophysio\Design Prophysio\Design Prophysio\backend\node_modules\express\lib\router\route.js:119:3)
    at Layer.handle [as handle_request] (C:\Users\jesus\Downloads\Design Prophysio\Design Prophysio\Design Prophysio\backend\node_modules\express\lib\router\layer.js:95:5)
    at C:\Users\jesus\Downloads\Design Prophysio\Design Prophysio\Design Prophysio\backend\node_modules\express\lib\router\index.js:284:15
    at param (C:\Users\jesus\Downloads\Design Prophysio\Design Prophysio\Design Prophysio\backend\node_modules\express\lib\router\index.js:365:14)
    at param (C:\Users\jesus\Downloads\Design Prophysio\Design Prophysio\Design Prophysio\backend\node_modules\express\lib\router\index.js:376:14)
    at Function.process_params (C:\Users\jesus\Downloads\Design Prophysio\Design Prophysio\Design Prophysio\backend\node_modules\express\lib\router\index.js:421:3)
    at next (C:\Users\jesus\Downloads\Design Prophysio\Design Prophysio\Design Prophysio\backend\node_modules\express\lib\router\index.js:280:10)
2024-11-13 00:44:08 [info]: Cierre de sesión para usuario: usuario desconocido
2024-11-13 01:07:43 [info]: Cierre de sesión para usuario: usuario desconocido
2024-11-13 01:16:33 [error]: ForbiddenError: invalid csrf token
    at csrf (C:\Users\jesus\Downloads\Design Prophysio\Design Prophysio\Design Prophysio\backend\node_modules\csurf\index.js:112:19)
    at Layer.handle [as handle_request] (C:\Users\jesus\Downloads\Design Prophysio\Design Prophysio\Design Prophysio\backend\node_modules\express\lib\router\layer.js:95:5)
    at trim_prefix (C:\Users\jesus\Downloads\Design Prophysio\Design Prophysio\Design Prophysio\backend\node_modules\express\lib\router\index.js:328:13)
    at C:\Users\jesus\Downloads\Design Prophysio\Design Prophysio\Design Prophysio\backend\node_modules\express\lib\router\index.js:286:9
    at Function.process_params (C:\Users\jesus\Downloads\Design Prophysio\Design Prophysio\Design Prophysio\backend\node_modules\express\lib\router\index.js:346:12)
    at next (C:\Users\jesus\Downloads\Design Prophysio\Design Prophysio\Design Prophysio\backend\node_modules\express\lib\router\index.js:280:10)
    at cors (C:\Users\jesus\Downloads\Design Prophysio\Design Prophysio\Design Prophysio\backend\node_modules\cors\lib\index.js:188:7)
    at C:\Users\jesus\Downloads\Design Prophysio\Design Prophysio\Design Prophysio\backend\node_modules\cors\lib\index.js:224:17
    at originCallback (C:\Users\jesus\Downloads\Design Prophysio\Design Prophysio\Design Prophysio\backend\node_modules\cors\lib\index.js:214:15)
    at C:\Users\jesus\Downloads\Design Prophysio\Design Prophysio\Design Prophysio\backend\node_modules\cors\lib\index.js:219:13
2024-11-13 01:17:00 [info]: Intento fallido de inicio de sesión para usuario: 20221017@uthh.edu.mx, contraseña incorrecta
2024-11-13 01:17:04 [info]: Intento fallido de inicio de sesión para usuario: 20221017@uthh.edu.mx, contraseña incorrecta
2024-11-13 01:17:27 [info]: Intento fallido de inicio de sesión para usuario: 20221017@uthh.edu.mx, contraseña incorrecta
2024-11-13 01:17:28 [info]: Intento fallido de inicio de sesión para usuario: 20221017@uthh.edu.mx, contraseña incorrecta
2024-11-13 01:17:29 [info]: Intento fallido de inicio de sesión para usuario: 20221017@uthh.edu.mx, cuenta bloqueada
2024-11-13 01:17:31 [info]: Intento de inicio de sesión para cuenta bloqueada: 20221017@uthh.edu.mx
2024-11-13 16:53:07 [info]: Cierre de sesión para usuario: usuario desconocido
2024-11-13 16:57:23 [error]: ForbiddenError: invalid csrf token
    at csrf (C:\Users\jesus\Downloads\Design Prophysio\Design Prophysio\Design Prophysio\backend\node_modules\csurf\index.js:112:19)
    at Layer.handle [as handle_request] (C:\Users\jesus\Downloads\Design Prophysio\Design Prophysio\Design Prophysio\backend\node_modules\express\lib\router\layer.js:95:5)
    at trim_prefix (C:\Users\jesus\Downloads\Design Prophysio\Design Prophysio\Design Prophysio\backend\node_modules\express\lib\router\index.js:328:13)
    at C:\Users\jesus\Downloads\Design Prophysio\Design Prophysio\Design Prophysio\backend\node_modules\express\lib\router\index.js:286:9
    at Function.process_params (C:\Users\jesus\Downloads\Design Prophysio\Design Prophysio\Design Prophysio\backend\node_modules\express\lib\router\index.js:346:12)
    at next (C:\Users\jesus\Downloads\Design Prophysio\Design Prophysio\Design Prophysio\backend\node_modules\express\lib\router\index.js:280:10)
    at cors (C:\Users\jesus\Downloads\Design Prophysio\Design Prophysio\Design Prophysio\backend\node_modules\cors\lib\index.js:188:7)
    at C:\Users\jesus\Downloads\Design Prophysio\Design Prophysio\Design Prophysio\backend\node_modules\cors\lib\index.js:224:17
    at originCallback (C:\Users\jesus\Downloads\Design Prophysio\Design Prophysio\Design Prophysio\backend\node_modules\cors\lib\index.js:214:15)
    at C:\Users\jesus\Downloads\Design Prophysio\Design Prophysio\Design Prophysio\backend\node_modules\cors\lib\index.js:219:13
2024-11-13 17:18:57 [error]: ForbiddenError: invalid csrf token
    at csrf (C:\Users\jesus\Downloads\Design Prophysio\Design Prophysio\Design Prophysio\backend\node_modules\csurf\index.js:112:19)
    at Layer.handle [as handle_request] (C:\Users\jesus\Downloads\Design Prophysio\Design Prophysio\Design Prophysio\backend\node_modules\express\lib\router\layer.js:95:5)
    at trim_prefix (C:\Users\jesus\Downloads\Design Prophysio\Design Prophysio\Design Prophysio\backend\node_modules\express\lib\router\index.js:328:13)
    at C:\Users\jesus\Downloads\Design Prophysio\Design Prophysio\Design Prophysio\backend\node_modules\express\lib\router\index.js:286:9
    at Function.process_params (C:\Users\jesus\Downloads\Design Prophysio\Design Prophysio\Design Prophysio\backend\node_modules\express\lib\router\index.js:346:12)
    at next (C:\Users\jesus\Downloads\Design Prophysio\Design Prophysio\Design Prophysio\backend\node_modules\express\lib\router\index.js:280:10)
    at cors (C:\Users\jesus\Downloads\Design Prophysio\Design Prophysio\Design Prophysio\backend\node_modules\cors\lib\index.js:188:7)
    at C:\Users\jesus\Downloads\Design Prophysio\Design Prophysio\Design Prophysio\backend\node_modules\cors\lib\index.js:224:17
    at originCallback (C:\Users\jesus\Downloads\Design Prophysio\Design Prophysio\Design Prophysio\backend\node_modules\cors\lib\index.js:214:15)
    at C:\Users\jesus\Downloads\Design Prophysio\Design Prophysio\Design Prophysio\backend\node_modules\cors\lib\index.js:219:13
2024-11-14 00:24:44 [error]: TypeError: Cannot read properties of null (reading 'resetPasswordExpires')
    at exports.resetPassword (C:\Users\jesus\Downloads\Design Prophysio\Design Prophysio\Design Prophysio\backend\controllers\resetPassworController\passwordResetController.js:88:51)
    at process.processTicksAndRejections (node:internal/process/task_queues:95:5)
2024-11-14 00:25:14 [error]: TypeError: Cannot read properties of null (reading 'resetPasswordExpires')
    at exports.resetPassword (C:\Users\jesus\Downloads\Design Prophysio\Design Prophysio\Design Prophysio\backend\controllers\resetPassworController\passwordResetController.js:88:51)
    at process.processTicksAndRejections (node:internal/process/task_queues:95:5)
2024-11-14 00:27:53 [error]: TypeError: Cannot read properties of null (reading 'resetPasswordExpires')
    at exports.resetPassword (C:\Users\jesus\Downloads\Design Prophysio\Design Prophysio\Design Prophysio\backend\controllers\resetPassworController\passwordResetController.js:88:51)
    at process.processTicksAndRejections (node:internal/process/task_queues:95:5)
2024-11-14 00:32:01 [error]: TypeError: Cannot read properties of null (reading 'resetPasswordExpires')
    at exports.resetPassword (C:\Users\jesus\Downloads\Design Prophysio\Design Prophysio\Design Prophysio\backend\controllers\resetPassworController\passwordResetController.js:88:51)
    at process.processTicksAndRejections (node:internal/process/task_queues:95:5)
2024-11-14 00:33:30 [error]: TypeError: Cannot read properties of null (reading 'resetPasswordExpires')
    at exports.resetPassword (C:\Users\jesus\Downloads\Design Prophysio\Design Prophysio\Design Prophysio\backend\controllers\resetPassworController\passwordResetController.js:88:51)
    at process.processTicksAndRejections (node:internal/process/task_queues:95:5)
2024-11-14 00:37:22 [error]: TypeError: Cannot read properties of null (reading 'resetPasswordExpires')
    at exports.resetPassword (C:\Users\jesus\Downloads\Design Prophysio\Design Prophysio\Design Prophysio\backend\controllers\resetPassworController\passwordResetController.js:89:51)
    at process.processTicksAndRejections (node:internal/process/task_queues:95:5)
2024-11-14 00:38:00 [error]: ReferenceError: correo is not defined
    at exports.resetPassword (C:\Users\jesus\Downloads\Design Prophysio\Design Prophysio\Design Prophysio\backend\controllers\resetPassworController\passwordResetController.js:86:13)
    at Layer.handle [as handle_request] (C:\Users\jesus\Downloads\Design Prophysio\Design Prophysio\Design Prophysio\backend\node_modules\express\lib\router\layer.js:95:5)
    at next (C:\Users\jesus\Downloads\Design Prophysio\Design Prophysio\Design Prophysio\backend\node_modules\express\lib\router\route.js:149:13)
    at middleware (C:\Users\jesus\Downloads\Design Prophysio\Design Prophysio\Design Prophysio\backend\node_modules\express-validator\lib\middlewares\check.js:16:13)
    at process.processTicksAndRejections (node:internal/process/task_queues:95:5)
2024-11-14 00:38:24 [error]: TypeError: Cannot read properties of null (reading 'resetPasswordExpires')
    at exports.resetPassword (C:\Users\jesus\Downloads\Design Prophysio\Design Prophysio\Design Prophysio\backend\controllers\resetPassworController\passwordResetController.js:90:51)
    at process.processTicksAndRejections (node:internal/process/task_queues:95:5)
2024-11-14 00:39:44 [error]: TypeError: Cannot read properties of null (reading 'resetPasswordExpires')
    at exports.resetPassword (C:\Users\jesus\Downloads\Design Prophysio\Design Prophysio\Design Prophysio\backend\controllers\resetPassworController\passwordResetController.js:90:51)
    at process.processTicksAndRejections (node:internal/process/task_queues:95:5)
2024-11-14 00:57:39 [info]: Intento de inicio de sesión para cuenta inactiva: jesus.alexem@gmail.com
2024-11-14 00:57:39 [info]: Intento de inicio de sesión para cuenta inactiva: jesus.alexem@gmail.com
2024-11-14 00:57:46 [info]: Intento de inicio de sesión para cuenta inactiva: jesus.alexem@gmail.com
2024-11-14 00:59:11 [info]: Intento de inicio de sesión para cuenta inactiva: jesus.alexem@gmail.com
2024-11-14 00:59:19 [info]: Intento de inicio de sesión para cuenta inactiva: jesus.alexem@gmail.com
2024-11-15 01:29:57 [info]: Intento fallido de inicio de sesión para usuario: 20221029@uthh.edu.mx, contraseña incorrecta
2024-11-15 01:29:58 [info]: Intento fallido de inicio de sesión para usuario: 20221029@uthh.edu.mx, contraseña incorrecta
2024-11-15 01:29:59 [info]: Intento fallido de inicio de sesión para usuario: 20221029@uthh.edu.mx, contraseña incorrecta
2024-11-15 01:30:00 [info]: Intento fallido de inicio de sesión para usuario: 20221029@uthh.edu.mx, contraseña incorrecta
2024-11-15 01:30:02 [info]: Intento fallido de inicio de sesión para usuario: 20221029@uthh.edu.mx, contraseña incorrecta
2024-11-15 01:30:03 [info]: Intento fallido de inicio de sesión para usuario: 20221029@uthh.edu.mx, cuenta bloqueada
2024-11-15 01:34:29 [info]: Cierre de sesión para usuario: usuario desconocido
2024-11-15 01:58:52 [info]: Intento de inicio de sesión para cuenta inactiva: 20221017@uthh.edu.mx
2024-11-15 02:02:18 [info]: Cierre de sesión para usuario: usuario desconocido
2024-11-15 02:02:27 [info]: Intento fallido de inicio de sesión para usuario: jesus.alexem@gmail.com, contraseña incorrecta
2024-11-15 02:03:16 [info]: Intento fallido de inicio de sesión para usuario: jesus.alexem@gmail.com, contraseña incorrecta
2024-11-15 02:04:26 [info]: Intento fallido de inicio de sesión para usuario: jesus.alexem@gmail.com, contraseña incorrecta
2024-11-15 02:06:04 [error]: ForbiddenError: invalid csrf token
    at csrf (C:\Users\jesus\Downloads\Design Prophysio\Design Prophysio\Design Prophysio\backend\node_modules\csurf\index.js:112:19)
    at Layer.handle [as handle_request] (C:\Users\jesus\Downloads\Design Prophysio\Design Prophysio\Design Prophysio\backend\node_modules\express\lib\router\layer.js:95:5)
    at trim_prefix (C:\Users\jesus\Downloads\Design Prophysio\Design Prophysio\Design Prophysio\backend\node_modules\express\lib\router\index.js:328:13)
    at C:\Users\jesus\Downloads\Design Prophysio\Design Prophysio\Design Prophysio\backend\node_modules\express\lib\router\index.js:286:9
    at Function.process_params (C:\Users\jesus\Downloads\Design Prophysio\Design Prophysio\Design Prophysio\backend\node_modules\express\lib\router\index.js:346:12)
    at next (C:\Users\jesus\Downloads\Design Prophysio\Design Prophysio\Design Prophysio\backend\node_modules\express\lib\router\index.js:280:10)
    at cors (C:\Users\jesus\Downloads\Design Prophysio\Design Prophysio\Design Prophysio\backend\node_modules\cors\lib\index.js:188:7)
    at C:\Users\jesus\Downloads\Design Prophysio\Design Prophysio\Design Prophysio\backend\node_modules\cors\lib\index.js:224:17
    at originCallback (C:\Users\jesus\Downloads\Design Prophysio\Design Prophysio\Design Prophysio\backend\node_modules\cors\lib\index.js:214:15)
    at C:\Users\jesus\Downloads\Design Prophysio\Design Prophysio\Design Prophysio\backend\node_modules\cors\lib\index.js:219:13
2024-11-15 02:25:21 [error]: ForbiddenError: invalid csrf token
    at csrf (C:\Users\jesus\Downloads\Design Prophysio\Design Prophysio\Design Prophysio\backend\node_modules\csurf\index.js:112:19)
    at Layer.handle [as handle_request] (C:\Users\jesus\Downloads\Design Prophysio\Design Prophysio\Design Prophysio\backend\node_modules\express\lib\router\layer.js:95:5)
    at trim_prefix (C:\Users\jesus\Downloads\Design Prophysio\Design Prophysio\Design Prophysio\backend\node_modules\express\lib\router\index.js:328:13)
    at C:\Users\jesus\Downloads\Design Prophysio\Design Prophysio\Design Prophysio\backend\node_modules\express\lib\router\index.js:286:9
    at Function.process_params (C:\Users\jesus\Downloads\Design Prophysio\Design Prophysio\Design Prophysio\backend\node_modules\express\lib\router\index.js:346:12)
    at next (C:\Users\jesus\Downloads\Design Prophysio\Design Prophysio\Design Prophysio\backend\node_modules\express\lib\router\index.js:280:10)
    at cors (C:\Users\jesus\Downloads\Design Prophysio\Design Prophysio\Design Prophysio\backend\node_modules\cors\lib\index.js:188:7)
    at C:\Users\jesus\Downloads\Design Prophysio\Design Prophysio\Design Prophysio\backend\node_modules\cors\lib\index.js:224:17
    at originCallback (C:\Users\jesus\Downloads\Design Prophysio\Design Prophysio\Design Prophysio\backend\node_modules\cors\lib\index.js:214:15)
    at C:\Users\jesus\Downloads\Design Prophysio\Design Prophysio\Design Prophysio\backend\node_modules\cors\lib\index.js:219:13
2024-11-15 02:35:41 [error]: ForbiddenError: invalid csrf token
    at csrf (C:\Users\jesus\Downloads\Design Prophysio\Design Prophysio\Design Prophysio\backend\node_modules\csurf\index.js:112:19)
    at Layer.handle [as handle_request] (C:\Users\jesus\Downloads\Design Prophysio\Design Prophysio\Design Prophysio\backend\node_modules\express\lib\router\layer.js:95:5)
    at trim_prefix (C:\Users\jesus\Downloads\Design Prophysio\Design Prophysio\Design Prophysio\backend\node_modules\express\lib\router\index.js:328:13)
    at C:\Users\jesus\Downloads\Design Prophysio\Design Prophysio\Design Prophysio\backend\node_modules\express\lib\router\index.js:286:9
    at Function.process_params (C:\Users\jesus\Downloads\Design Prophysio\Design Prophysio\Design Prophysio\backend\node_modules\express\lib\router\index.js:346:12)
    at next (C:\Users\jesus\Downloads\Design Prophysio\Design Prophysio\Design Prophysio\backend\node_modules\express\lib\router\index.js:280:10)
    at cors (C:\Users\jesus\Downloads\Design Prophysio\Design Prophysio\Design Prophysio\backend\node_modules\cors\lib\index.js:188:7)
    at C:\Users\jesus\Downloads\Design Prophysio\Design Prophysio\Design Prophysio\backend\node_modules\cors\lib\index.js:224:17
    at originCallback (C:\Users\jesus\Downloads\Design Prophysio\Design Prophysio\Design Prophysio\backend\node_modules\cors\lib\index.js:214:15)
    at C:\Users\jesus\Downloads\Design Prophysio\Design Prophysio\Design Prophysio\backend\node_modules\cors\lib\index.js:219:13
2024-11-15 02:36:14 [error]: ForbiddenError: invalid csrf token
    at csrf (C:\Users\jesus\Downloads\Design Prophysio\Design Prophysio\Design Prophysio\backend\node_modules\csurf\index.js:112:19)
    at Layer.handle [as handle_request] (C:\Users\jesus\Downloads\Design Prophysio\Design Prophysio\Design Prophysio\backend\node_modules\express\lib\router\layer.js:95:5)
    at trim_prefix (C:\Users\jesus\Downloads\Design Prophysio\Design Prophysio\Design Prophysio\backend\node_modules\express\lib\router\index.js:328:13)
    at C:\Users\jesus\Downloads\Design Prophysio\Design Prophysio\Design Prophysio\backend\node_modules\express\lib\router\index.js:286:9
    at Function.process_params (C:\Users\jesus\Downloads\Design Prophysio\Design Prophysio\Design Prophysio\backend\node_modules\express\lib\router\index.js:346:12)
    at next (C:\Users\jesus\Downloads\Design Prophysio\Design Prophysio\Design Prophysio\backend\node_modules\express\lib\router\index.js:280:10)
    at cors (C:\Users\jesus\Downloads\Design Prophysio\Design Prophysio\Design Prophysio\backend\node_modules\cors\lib\index.js:188:7)
    at C:\Users\jesus\Downloads\Design Prophysio\Design Prophysio\Design Prophysio\backend\node_modules\cors\lib\index.js:224:17
    at originCallback (C:\Users\jesus\Downloads\Design Prophysio\Design Prophysio\Design Prophysio\backend\node_modules\cors\lib\index.js:214:15)
    at C:\Users\jesus\Downloads\Design Prophysio\Design Prophysio\Design Prophysio\backend\node_modules\cors\lib\index.js:219:13
2024-11-15 02:37:13 [error]: ForbiddenError: invalid csrf token
    at csrf (C:\Users\jesus\Downloads\Design Prophysio\Design Prophysio\Design Prophysio\backend\node_modules\csurf\index.js:112:19)
    at Layer.handle [as handle_request] (C:\Users\jesus\Downloads\Design Prophysio\Design Prophysio\Design Prophysio\backend\node_modules\express\lib\router\layer.js:95:5)
    at trim_prefix (C:\Users\jesus\Downloads\Design Prophysio\Design Prophysio\Design Prophysio\backend\node_modules\express\lib\router\index.js:328:13)
    at C:\Users\jesus\Downloads\Design Prophysio\Design Prophysio\Design Prophysio\backend\node_modules\express\lib\router\index.js:286:9
    at Function.process_params (C:\Users\jesus\Downloads\Design Prophysio\Design Prophysio\Design Prophysio\backend\node_modules\express\lib\router\index.js:346:12)
    at next (C:\Users\jesus\Downloads\Design Prophysio\Design Prophysio\Design Prophysio\backend\node_modules\express\lib\router\index.js:280:10)
    at cors (C:\Users\jesus\Downloads\Design Prophysio\Design Prophysio\Design Prophysio\backend\node_modules\cors\lib\index.js:188:7)
    at C:\Users\jesus\Downloads\Design Prophysio\Design Prophysio\Design Prophysio\backend\node_modules\cors\lib\index.js:224:17
    at originCallback (C:\Users\jesus\Downloads\Design Prophysio\Design Prophysio\Design Prophysio\backend\node_modules\cors\lib\index.js:214:15)
    at C:\Users\jesus\Downloads\Design Prophysio\Design Prophysio\Design Prophysio\backend\node_modules\cors\lib\index.js:219:13
2024-11-15 02:37:24 [error]: ForbiddenError: invalid csrf token
    at csrf (C:\Users\jesus\Downloads\Design Prophysio\Design Prophysio\Design Prophysio\backend\node_modules\csurf\index.js:112:19)
    at Layer.handle [as handle_request] (C:\Users\jesus\Downloads\Design Prophysio\Design Prophysio\Design Prophysio\backend\node_modules\express\lib\router\layer.js:95:5)
    at trim_prefix (C:\Users\jesus\Downloads\Design Prophysio\Design Prophysio\Design Prophysio\backend\node_modules\express\lib\router\index.js:328:13)
    at C:\Users\jesus\Downloads\Design Prophysio\Design Prophysio\Design Prophysio\backend\node_modules\express\lib\router\index.js:286:9
    at Function.process_params (C:\Users\jesus\Downloads\Design Prophysio\Design Prophysio\Design Prophysio\backend\node_modules\express\lib\router\index.js:346:12)
    at next (C:\Users\jesus\Downloads\Design Prophysio\Design Prophysio\Design Prophysio\backend\node_modules\express\lib\router\index.js:280:10)
    at cors (C:\Users\jesus\Downloads\Design Prophysio\Design Prophysio\Design Prophysio\backend\node_modules\cors\lib\index.js:188:7)
    at C:\Users\jesus\Downloads\Design Prophysio\Design Prophysio\Design Prophysio\backend\node_modules\cors\lib\index.js:224:17
    at originCallback (C:\Users\jesus\Downloads\Design Prophysio\Design Prophysio\Design Prophysio\backend\node_modules\cors\lib\index.js:214:15)
    at C:\Users\jesus\Downloads\Design Prophysio\Design Prophysio\Design Prophysio\backend\node_modules\cors\lib\index.js:219:13
2024-11-15 02:37:41 [error]: ForbiddenError: invalid csrf token
    at csrf (C:\Users\jesus\Downloads\Design Prophysio\Design Prophysio\Design Prophysio\backend\node_modules\csurf\index.js:112:19)
    at Layer.handle [as handle_request] (C:\Users\jesus\Downloads\Design Prophysio\Design Prophysio\Design Prophysio\backend\node_modules\express\lib\router\layer.js:95:5)
    at trim_prefix (C:\Users\jesus\Downloads\Design Prophysio\Design Prophysio\Design Prophysio\backend\node_modules\express\lib\router\index.js:328:13)
    at C:\Users\jesus\Downloads\Design Prophysio\Design Prophysio\Design Prophysio\backend\node_modules\express\lib\router\index.js:286:9
    at Function.process_params (C:\Users\jesus\Downloads\Design Prophysio\Design Prophysio\Design Prophysio\backend\node_modules\express\lib\router\index.js:346:12)
    at next (C:\Users\jesus\Downloads\Design Prophysio\Design Prophysio\Design Prophysio\backend\node_modules\express\lib\router\index.js:280:10)
    at cors (C:\Users\jesus\Downloads\Design Prophysio\Design Prophysio\Design Prophysio\backend\node_modules\cors\lib\index.js:188:7)
    at C:\Users\jesus\Downloads\Design Prophysio\Design Prophysio\Design Prophysio\backend\node_modules\cors\lib\index.js:224:17
    at originCallback (C:\Users\jesus\Downloads\Design Prophysio\Design Prophysio\Design Prophysio\backend\node_modules\cors\lib\index.js:214:15)
    at C:\Users\jesus\Downloads\Design Prophysio\Design Prophysio\Design Prophysio\backend\node_modules\cors\lib\index.js:219:13
2024-11-15 02:49:41 [error]: ForbiddenError: invalid csrf token
    at csrf (C:\Users\jesus\Downloads\Design Prophysio\Design Prophysio\Design Prophysio\backend\node_modules\csurf\index.js:112:19)
    at Layer.handle [as handle_request] (C:\Users\jesus\Downloads\Design Prophysio\Design Prophysio\Design Prophysio\backend\node_modules\express\lib\router\layer.js:95:5)
    at trim_prefix (C:\Users\jesus\Downloads\Design Prophysio\Design Prophysio\Design Prophysio\backend\node_modules\express\lib\router\index.js:328:13)
    at C:\Users\jesus\Downloads\Design Prophysio\Design Prophysio\Design Prophysio\backend\node_modules\express\lib\router\index.js:286:9
    at Function.process_params (C:\Users\jesus\Downloads\Design Prophysio\Design Prophysio\Design Prophysio\backend\node_modules\express\lib\router\index.js:346:12)
    at next (C:\Users\jesus\Downloads\Design Prophysio\Design Prophysio\Design Prophysio\backend\node_modules\express\lib\router\index.js:280:10)
    at cors (C:\Users\jesus\Downloads\Design Prophysio\Design Prophysio\Design Prophysio\backend\node_modules\cors\lib\index.js:188:7)
    at C:\Users\jesus\Downloads\Design Prophysio\Design Prophysio\Design Prophysio\backend\node_modules\cors\lib\index.js:224:17
    at originCallback (C:\Users\jesus\Downloads\Design Prophysio\Design Prophysio\Design Prophysio\backend\node_modules\cors\lib\index.js:214:15)
    at C:\Users\jesus\Downloads\Design Prophysio\Design Prophysio\Design Prophysio\backend\node_modules\cors\lib\index.js:219:13
2024-11-15 03:23:13 [error]: ForbiddenError: invalid csrf token
    at csrf (C:\Users\jesus\Downloads\Design Prophysio\Design Prophysio\Design Prophysio\backend\node_modules\csurf\index.js:112:19)
    at Layer.handle [as handle_request] (C:\Users\jesus\Downloads\Design Prophysio\Design Prophysio\Design Prophysio\backend\node_modules\express\lib\router\layer.js:95:5)
    at trim_prefix (C:\Users\jesus\Downloads\Design Prophysio\Design Prophysio\Design Prophysio\backend\node_modules\express\lib\router\index.js:328:13)
    at C:\Users\jesus\Downloads\Design Prophysio\Design Prophysio\Design Prophysio\backend\node_modules\express\lib\router\index.js:286:9
    at Function.process_params (C:\Users\jesus\Downloads\Design Prophysio\Design Prophysio\Design Prophysio\backend\node_modules\express\lib\router\index.js:346:12)
    at next (C:\Users\jesus\Downloads\Design Prophysio\Design Prophysio\Design Prophysio\backend\node_modules\express\lib\router\index.js:280:10)
    at cors (C:\Users\jesus\Downloads\Design Prophysio\Design Prophysio\Design Prophysio\backend\node_modules\cors\lib\index.js:188:7)
    at C:\Users\jesus\Downloads\Design Prophysio\Design Prophysio\Design Prophysio\backend\node_modules\cors\lib\index.js:224:17
    at originCallback (C:\Users\jesus\Downloads\Design Prophysio\Design Prophysio\Design Prophysio\backend\node_modules\cors\lib\index.js:214:15)
    at C:\Users\jesus\Downloads\Design Prophysio\Design Prophysio\Design Prophysio\backend\node_modules\cors\lib\index.js:219:13
2024-11-15 03:23:29 [error]: ForbiddenError: invalid csrf token
    at csrf (C:\Users\jesus\Downloads\Design Prophysio\Design Prophysio\Design Prophysio\backend\node_modules\csurf\index.js:112:19)
    at Layer.handle [as handle_request] (C:\Users\jesus\Downloads\Design Prophysio\Design Prophysio\Design Prophysio\backend\node_modules\express\lib\router\layer.js:95:5)
    at trim_prefix (C:\Users\jesus\Downloads\Design Prophysio\Design Prophysio\Design Prophysio\backend\node_modules\express\lib\router\index.js:328:13)
    at C:\Users\jesus\Downloads\Design Prophysio\Design Prophysio\Design Prophysio\backend\node_modules\express\lib\router\index.js:286:9
    at Function.process_params (C:\Users\jesus\Downloads\Design Prophysio\Design Prophysio\Design Prophysio\backend\node_modules\express\lib\router\index.js:346:12)
    at next (C:\Users\jesus\Downloads\Design Prophysio\Design Prophysio\Design Prophysio\backend\node_modules\express\lib\router\index.js:280:10)
    at cors (C:\Users\jesus\Downloads\Design Prophysio\Design Prophysio\Design Prophysio\backend\node_modules\cors\lib\index.js:188:7)
    at C:\Users\jesus\Downloads\Design Prophysio\Design Prophysio\Design Prophysio\backend\node_modules\cors\lib\index.js:224:17
    at originCallback (C:\Users\jesus\Downloads\Design Prophysio\Design Prophysio\Design Prophysio\backend\node_modules\cors\lib\index.js:214:15)
    at C:\Users\jesus\Downloads\Design Prophysio\Design Prophysio\Design Prophysio\backend\node_modules\cors\lib\index.js:219:13
2024-11-15 03:26:32 [error]: ForbiddenError: invalid csrf token
    at csrf (C:\Users\jesus\Downloads\Design Prophysio\Design Prophysio\Design Prophysio\backend\node_modules\csurf\index.js:112:19)
    at Layer.handle [as handle_request] (C:\Users\jesus\Downloads\Design Prophysio\Design Prophysio\Design Prophysio\backend\node_modules\express\lib\router\layer.js:95:5)
    at trim_prefix (C:\Users\jesus\Downloads\Design Prophysio\Design Prophysio\Design Prophysio\backend\node_modules\express\lib\router\index.js:328:13)
    at C:\Users\jesus\Downloads\Design Prophysio\Design Prophysio\Design Prophysio\backend\node_modules\express\lib\router\index.js:286:9
    at Function.process_params (C:\Users\jesus\Downloads\Design Prophysio\Design Prophysio\Design Prophysio\backend\node_modules\express\lib\router\index.js:346:12)
    at next (C:\Users\jesus\Downloads\Design Prophysio\Design Prophysio\Design Prophysio\backend\node_modules\express\lib\router\index.js:280:10)
    at cors (C:\Users\jesus\Downloads\Design Prophysio\Design Prophysio\Design Prophysio\backend\node_modules\cors\lib\index.js:188:7)
    at C:\Users\jesus\Downloads\Design Prophysio\Design Prophysio\Design Prophysio\backend\node_modules\cors\lib\index.js:224:17
    at originCallback (C:\Users\jesus\Downloads\Design Prophysio\Design Prophysio\Design Prophysio\backend\node_modules\cors\lib\index.js:214:15)
    at C:\Users\jesus\Downloads\Design Prophysio\Design Prophysio\Design Prophysio\backend\node_modules\cors\lib\index.js:219:13
2024-11-15 03:37:39 [info]: Cierre de sesión para usuario: usuario desconocido
2024-11-15 10:40:19 [info]: Intento fallido de inicio de sesión para usuario: jesus.alexem@gmail.com, contraseña incorrecta
2024-11-15 12:09:37 [info]: Intento fallido de inicio de sesión para usuario: ana.felipe@uthh.edu.mx, contraseña incorrecta
2024-11-15 12:10:34 [info]: Cierre de sesión para usuario: usuario desconocido
2024-11-15 12:13:12 [info]: Cierre de sesión para usuario: usuario desconocido
2024-11-15 12:13:30 [info]: Intento fallido de inicio de sesión para usuario: ana.felipe@uthh.edu.mx, cuenta bloqueada
2024-11-15 12:13:31 [info]: Intento de inicio de sesión para cuenta bloqueada: ana.felipe@uthh.edu.mx
2024-11-15 12:13:36 [info]: Intento de inicio de sesión para cuenta bloqueada: ana.felipe@uthh.edu.mx
2024-11-15 12:13:42 [info]: Intento de inicio de sesión para cuenta bloqueada: ana.felipe@uthh.edu.mx
2024-11-15 12:13:45 [info]: Intento de inicio de sesión para cuenta bloqueada: ana.felipe@uthh.edu.mx
2024-11-15 12:13:46 [info]: Intento de inicio de sesión para cuenta bloqueada: ana.felipe@uthh.edu.mx
2024-11-15 12:13:47 [info]: Intento de inicio de sesión para cuenta bloqueada: ana.felipe@uthh.edu.mx
2024-11-15 12:13:48 [info]: Intento de inicio de sesión para cuenta bloqueada: ana.felipe@uthh.edu.mx
2024-11-15 15:32:53 [info]: Cierre de sesión para usuario: usuario desconocido
2024-11-15 15:32:57 [info]: Intento fallido de inicio de sesión para usuario: jesus.alexem@gmail.com, cuenta bloqueada
2024-11-15 15:32:59 [info]: Intento de inicio de sesión para cuenta bloqueada: jesus.alexem@gmail.com
2024-11-15 15:37:25 [info]: Intento de inicio de sesión para cuenta bloqueada: jesus.alexem@gmail.com
2024-11-15 15:39:08 [info]: Intento fallido de inicio de sesión para usuario: jesus.alexem@gmail.com, cuenta bloqueada
2024-11-15 15:39:39 [info]: Intento de inicio de sesión para cuenta bloqueada: jesus.alexem@gmail.com
2024-11-15 15:39:45 [info]: Intento de inicio de sesión para cuenta bloqueada: jesus.alexem@gmail.com
2024-11-15 15:41:57 [info]: Intento de inicio de sesión para cuenta bloqueada: jesus.alexem@gmail.com
2024-11-15 15:42:07 [info]: Intento de inicio de sesión para cuenta bloqueada: jesus.alexem@gmail.com
2024-11-15 16:50:04 [info]: Cierre de sesión para usuario: usuario desconocido
2024-11-15 22:23:20 [error]: TokenExpiredError: jwt expired
    at C:\Users\jesus\Downloads\Design Prophysio\Design Prophysio\Design Prophysio\backend\node_modules\jsonwebtoken\verify.js:190:21
    at getSecret (C:\Users\jesus\Downloads\Design Prophysio\Design Prophysio\Design Prophysio\backend\node_modules\jsonwebtoken\verify.js:97:14)
    at module.exports [as verify] (C:\Users\jesus\Downloads\Design Prophysio\Design Prophysio\Design Prophysio\backend\node_modules\jsonwebtoken\verify.js:101:10)
    at exports.logout (C:\Users\jesus\Downloads\Design Prophysio\Design Prophysio\Design Prophysio\backend\controllers\authControllers\loginController.js:207:25)
    at Layer.handle [as handle_request] (C:\Users\jesus\Downloads\Design Prophysio\Design Prophysio\Design Prophysio\backend\node_modules\express\lib\router\layer.js:95:5)
    at next (C:\Users\jesus\Downloads\Design Prophysio\Design Prophysio\Design Prophysio\backend\node_modules\express\lib\router\route.js:149:13)
    at Route.dispatch (C:\Users\jesus\Downloads\Design Prophysio\Design Prophysio\Design Prophysio\backend\node_modules\express\lib\router\route.js:119:3)
    at Layer.handle [as handle_request] (C:\Users\jesus\Downloads\Design Prophysio\Design Prophysio\Design Prophysio\backend\node_modules\express\lib\router\layer.js:95:5)
    at C:\Users\jesus\Downloads\Design Prophysio\Design Prophysio\Design Prophysio\backend\node_modules\express\lib\router\index.js:284:15
    at Function.process_params (C:\Users\jesus\Downloads\Design Prophysio\Design Prophysio\Design Prophysio\backend\node_modules\express\lib\router\index.js:346:12)
2024-11-15 22:24:12 [error]: TypeError: Cannot read properties of undefined (reading 'correo')
    at exports.logout (C:\Users\jesus\Downloads\Design Prophysio\Design Prophysio\Design Prophysio\backend\controllers\authControllers\loginController.js:211:69)
    at Layer.handle [as handle_request] (C:\Users\jesus\Downloads\Design Prophysio\Design Prophysio\Design Prophysio\backend\node_modules\express\lib\router\layer.js:95:5)
    at next (C:\Users\jesus\Downloads\Design Prophysio\Design Prophysio\Design Prophysio\backend\node_modules\express\lib\router\route.js:149:13)
    at Route.dispatch (C:\Users\jesus\Downloads\Design Prophysio\Design Prophysio\Design Prophysio\backend\node_modules\express\lib\router\route.js:119:3)
    at Layer.handle [as handle_request] (C:\Users\jesus\Downloads\Design Prophysio\Design Prophysio\Design Prophysio\backend\node_modules\express\lib\router\layer.js:95:5)
    at C:\Users\jesus\Downloads\Design Prophysio\Design Prophysio\Design Prophysio\backend\node_modules\express\lib\router\index.js:284:15
    at Function.process_params (C:\Users\jesus\Downloads\Design Prophysio\Design Prophysio\Design Prophysio\backend\node_modules\express\lib\router\index.js:346:12)
    at next (C:\Users\jesus\Downloads\Design Prophysio\Design Prophysio\Design Prophysio\backend\node_modules\express\lib\router\index.js:280:10)
    at Function.handle (C:\Users\jesus\Downloads\Design Prophysio\Design Prophysio\Design Prophysio\backend\node_modules\express\lib\router\index.js:175:3)
    at router (C:\Users\jesus\Downloads\Design Prophysio\Design Prophysio\Design Prophysio\backend\node_modules\express\lib\router\index.js:47:12)
2024-11-15 22:25:52 [error]: ReferenceError: Cannot access 'token' before initialization
    at exports.logout (C:\Users\jesus\Downloads\Design Prophysio\Design Prophysio\Design Prophysio\backend\controllers\authControllers\loginController.js:203:17)
    at Layer.handle [as handle_request] (C:\Users\jesus\Downloads\Design Prophysio\Design Prophysio\Design Prophysio\backend\node_modules\express\lib\router\layer.js:95:5)
    at next (C:\Users\jesus\Downloads\Design Prophysio\Design Prophysio\Design Prophysio\backend\node_modules\express\lib\router\route.js:149:13)
    at Route.dispatch (C:\Users\jesus\Downloads\Design Prophysio\Design Prophysio\Design Prophysio\backend\node_modules\express\lib\router\route.js:119:3)
    at Layer.handle [as handle_request] (C:\Users\jesus\Downloads\Design Prophysio\Design Prophysio\Design Prophysio\backend\node_modules\express\lib\router\layer.js:95:5)
    at C:\Users\jesus\Downloads\Design Prophysio\Design Prophysio\Design Prophysio\backend\node_modules\express\lib\router\index.js:284:15
    at Function.process_params (C:\Users\jesus\Downloads\Design Prophysio\Design Prophysio\Design Prophysio\backend\node_modules\express\lib\router\index.js:346:12)
    at next (C:\Users\jesus\Downloads\Design Prophysio\Design Prophysio\Design Prophysio\backend\node_modules\express\lib\router\index.js:280:10)
    at Function.handle (C:\Users\jesus\Downloads\Design Prophysio\Design Prophysio\Design Prophysio\backend\node_modules\express\lib\router\index.js:175:3)
    at router (C:\Users\jesus\Downloads\Design Prophysio\Design Prophysio\Design Prophysio\backend\node_modules\express\lib\router\index.js:47:12)
2024-11-15 22:28:35 [info]: Cierre de sesión para usuario: usuario desconocido
2024-11-15 22:29:00 [info]: Cierre de sesión para usuario: usuario desconocido
2024-11-16 22:43:52 [info]: Cierre de sesión para usuario: usuario desconocido
2024-11-18 01:19:21 [info]: Intento fallido de inicio de sesión para usuario: jesus.alexem@gmail.com, cuenta bloqueada
2024-11-18 01:19:31 [info]: Intento de inicio de sesión para cuenta bloqueada: jesus.alexem@gmail.com
2024-11-18 02:06:30 [info]: Intento fallido de inicio de sesión para usuario: jesus.alexem@gmail.com, cuenta bloqueada
2024-11-18 02:06:32 [info]: Intento de inicio de sesión para cuenta bloqueada: jesus.alexem@gmail.com
2024-11-18 02:06:33 [info]: Intento de inicio de sesión para cuenta bloqueada: jesus.alexem@gmail.com
2024-11-18 02:06:44 [info]: Intento de inicio de sesión para cuenta bloqueada: jesus.alexem@gmail.com
2024-11-18 02:06:59 [info]: Intento de inicio de sesión para cuenta bloqueada: jesus.alexem@gmail.com
2024-11-18 02:07:00 [info]: Intento de inicio de sesión para cuenta bloqueada: jesus.alexem@gmail.com
2024-11-18 02:07:04 [info]: Intento de inicio de sesión para cuenta bloqueada: jesus.alexem@gmail.com
2024-11-18 02:07:23 [info]: Cierre de sesión para usuario: usuario desconocido
2024-11-18 02:07:32 [info]: Intento de inicio de sesión para cuenta bloqueada: jesus.alexem@gmail.com
2024-11-18 02:07:37 [info]: Intento de inicio de sesión para cuenta bloqueada: jesus.alexem@gmail.com
2024-11-18 02:07:42 [info]: Intento de inicio de sesión para cuenta bloqueada: jesus.alexem@gmail.com
2024-11-18 02:07:57 [info]: Intento de inicio de sesión para cuenta bloqueada: jesus.alexem@gmail.com
2024-11-18 02:08:07 [info]: Intento de inicio de sesión para cuenta bloqueada: jesus.alexem@gmail.com
2024-11-18 02:10:14 [info]: Intento fallido de inicio de sesión para usuario: jesus.alexem@gmail.com, cuenta bloqueada
2024-11-18 02:46:55 [info]: Cierre de sesión para usuario: usuario desconocido
2024-11-18 03:02:10 [info]: Intento fallido de inicio de sesión para usuario: jesus.alexem@gmail.com, cuenta bloqueada
2024-11-18 03:05:12 [info]: Cierre de sesión para usuario: usuario desconocido
